<?xml version="1.0" encoding="UTF-8"?>
<!-- Generated by org.testng.reporters.JUnitXMLReporter -->
<testsuite ignored="0" hostname="DESKTOP-SUM4876" failures="7" tests="49" name="Test" time="16.568" errors="0" timestamp="2023-12-22T14:02:36 ICT">
  <testcase classname="com.api.PropertiesTC.GET_01_Products_List" name="TC01_verifyStatusCode" time="0.007"/>
  <testcase classname="com.api.PropertiesTC.GET_01_Products_List" name="TC02_verifyProduct_field" time="0.001"/>
  <testcase classname="com.api.PropertiesTC.GET_01_Products_List" name="TC03_verifyProduct_ID" time="0.001"/>
  <testcase classname="com.api.PropertiesTC.GET_01_Products_List" name="TC04_verifyProduct_name" time="0.0"/>
  <testcase classname="com.api.PropertiesTC.GET_01_Products_List" name="TC05_verifyProduct_price" time="0.001"/>
  <testcase classname="com.api.PropertiesTC.GET_01_Products_List" name="TC06_verifyProduct_brand" time="0.002"/>
  <testcase classname="com.api.PropertiesTC.GET_01_Products_List" name="TC07_verifyProduct_category" time="0.002"/>
  <testcase classname="com.api.PropertiesTC.POST_02_to_Product_List" name="TC01_verifyStatusCode" time="0.002">
    <failure type="java.lang.AssertionError" message="valid StatusCode 405 Method Not Allowed: FAILED! expected [200] but found [405]">
      <![CDATA[java.lang.AssertionError: valid StatusCode 405 Method Not Allowed: FAILED! expected [200] but found [405]
at com.api.PropertiesTC.POST_02_to_Product_List.TC01_verifyStatusCode(POST_02_to_Product_List.java:51)
at java.base/java.util.ArrayList.forEach(ArrayList.java:1511)
... Removed 32 stack frames]]>
    </failure>
  </testcase> <!-- TC01_verifyStatusCode -->
  <testcase classname="com.api.PropertiesTC.POST_02_to_Product_List" name="TC02_verifyResponseCode" time="0.011"/>
  <testcase classname="com.api.PropertiesTC.POST_02_to_Product_List" name="TC03_verifyMessage" time="0.014"/>
  <testcase classname="com.api.PropertiesTC.GET_03_Brands_List" name="TC01_verifyStatusCode" time="0.001"/>
  <testcase classname="com.api.PropertiesTC.GET_03_Brands_List" name="TC02_verifyBrand_ID" time="0.001"/>
  <testcase classname="com.api.PropertiesTC.GET_03_Brands_List" name="TC03_verifyBrand_field" time="0.001"/>
  <testcase classname="com.api.PropertiesTC.PUT_04_to_Brands_List" name="TC01_verifyStatusCode" time="0.001">
    <failure type="java.lang.AssertionError" message="valid StatusCode 405 Method NOT Allowed: FAILED expected [200] but found [405]">
      <![CDATA[java.lang.AssertionError: valid StatusCode 405 Method NOT Allowed: FAILED expected [200] but found [405]
at com.api.PropertiesTC.PUT_04_to_Brands_List.TC01_verifyStatusCode(PUT_04_to_Brands_List.java:40)
at java.base/java.util.ArrayList.forEach(ArrayList.java:1511)
... Removed 32 stack frames]]>
    </failure>
  </testcase> <!-- TC01_verifyStatusCode -->
  <testcase classname="com.api.PropertiesTC.PUT_04_to_Brands_List" name="TC02_verifyResponseCode" time="0.013"/>
  <testcase classname="com.api.PropertiesTC.PUT_04_to_Brands_List" name="TC03_verifyMessageField" time="0.008"/>
  <testcase classname="com.api.PropertiesTC.POST_05_valid_SearchProduct" name="TC01_verifyStatusCode" time="0.0"/>
  <testcase classname="com.api.PropertiesTC.POST_05_valid_SearchProduct" name="TC02_validProduct_Name" time="0.001"/>
  <testcase classname="com.api.PropertiesTC.POST_05_valid_SearchProduct" name="TC03_countProduct_Name" time="0.026"/>
  <testcase classname="com.api.PropertiesTC.POST_06_invalid_SearchProduct" name="TC01_verifyStatusCode" time="0.001">
    <failure type="java.lang.AssertionError" message="valid StatusCode 400: FAILED expected [200] but found [400]">
      <![CDATA[java.lang.AssertionError: valid StatusCode 400: FAILED expected [200] but found [400]
at com.api.PropertiesTC.POST_06_invalid_SearchProduct.TC01_verifyStatusCode(POST_06_invalid_SearchProduct.java:35)
at java.base/java.util.ArrayList.forEach(ArrayList.java:1511)
... Removed 32 stack frames]]>
    </failure>
  </testcase> <!-- TC01_verifyStatusCode -->
  <testcase classname="com.api.PropertiesTC.POST_06_invalid_SearchProduct" name="TC02_verifyResponseCode" time="0.016"/>
  <testcase classname="com.api.PropertiesTC.POST_06_invalid_SearchProduct" name="TC03_verifyMessage" time="0.011"/>
  <testcase classname="com.api.PropertiesTC.POST_07_valid_VerifyLogin" name="TC01_verifyStatusCode" time="0.0"/>
  <testcase classname="com.api.PropertiesTC.POST_07_valid_VerifyLogin" name="TC02_verifyResponseCode" time="0.008"/>
  <testcase classname="com.api.PropertiesTC.POST_07_valid_VerifyLogin" name="TC03_verifyMessageField" time="0.01"/>
  <testcase classname="com.api.PropertiesTC.POST_08_invalid_VerifyLogin" name="TC01_verifyStatusCode" time="0.0">
    <failure type="java.lang.AssertionError" message="valid StatusCode 400: FAILED expected [200] but found [400]">
      <![CDATA[java.lang.AssertionError: valid StatusCode 400: FAILED expected [200] but found [400]
at com.api.PropertiesTC.POST_08_invalid_VerifyLogin.TC01_verifyStatusCode(POST_08_invalid_VerifyLogin.java:31)
at java.base/java.util.ArrayList.forEach(ArrayList.java:1511)
... Removed 32 stack frames]]>
    </failure>
  </testcase> <!-- TC01_verifyStatusCode -->
  <testcase classname="com.api.PropertiesTC.POST_08_invalid_VerifyLogin" name="TC02_verifyResponseCode" time="0.007"/>
  <testcase classname="com.api.PropertiesTC.POST_08_invalid_VerifyLogin" name="TC03_verifyMessage" time="0.008"/>
  <testcase classname="com.api.PropertiesTC.DEL_09_valid_VerifyLogin" name="TC01_verifyStatusCode" time="0.001">
    <failure type="java.lang.AssertionError" message="valid StatusCode 405: FAILED expected [200] but found [405]">
      <![CDATA[java.lang.AssertionError: valid StatusCode 405: FAILED expected [200] but found [405]
at com.api.PropertiesTC.DEL_09_valid_VerifyLogin.TC01_verifyStatusCode(DEL_09_valid_VerifyLogin.java:37)
at java.base/java.util.ArrayList.forEach(ArrayList.java:1511)
... Removed 32 stack frames]]>
    </failure>
  </testcase> <!-- TC01_verifyStatusCode -->
  <testcase classname="com.api.PropertiesTC.DEL_09_valid_VerifyLogin" name="TC02_verifyResponseCode" time="0.009"/>
  <testcase classname="com.api.PropertiesTC.DEL_09_valid_VerifyLogin" name="TC03_verifyMessage" time="0.014"/>
  <testcase classname="com.api.PropertiesTC.POST_10_invalid_VerifyLogin" name="TC01_verifyStatusCode" time="0.0">
    <failure type="java.lang.AssertionError" message="valid StatusCode 404: FAILED expected [200] but found [404]">
      <![CDATA[java.lang.AssertionError: valid StatusCode 404: FAILED expected [200] but found [404]
at com.api.PropertiesTC.POST_10_invalid_VerifyLogin.TC01_verifyStatusCode(POST_10_invalid_VerifyLogin.java:32)
at java.base/java.util.ArrayList.forEach(ArrayList.java:1511)
... Removed 32 stack frames]]>
    </failure>
  </testcase> <!-- TC01_verifyStatusCode -->
  <testcase classname="com.api.PropertiesTC.POST_10_invalid_VerifyLogin" name="TC02_verifyResponseCode" time="0.01"/>
  <testcase classname="com.api.PropertiesTC.POST_10_invalid_VerifyLogin" name="TC03_verifyMessageField" time="0.009"/>
  <testcase classname="com.api.PropertiesTC.POST_11_createAccount" name="TC01_verifyStatusCode" time="0.001">
    <failure type="java.lang.AssertionError" message="valid StatusCode 201 Created: FAILED expected [200] but found [201]">
      <![CDATA[java.lang.AssertionError: valid StatusCode 201 Created: FAILED expected [200] but found [201]
at com.api.PropertiesTC.POST_11_createAccount.TC01_verifyStatusCode(POST_11_createAccount.java:46)
at java.base/java.util.ArrayList.forEach(ArrayList.java:1511)
... Removed 32 stack frames]]>
    </failure>
  </testcase> <!-- TC01_verifyStatusCode -->
  <testcase classname="com.api.PropertiesTC.POST_11_createAccount" name="TC02_verifyResponseCode" time="0.008"/>
  <testcase classname="com.api.PropertiesTC.POST_11_createAccount" name="TC03_verifyMessage" time="0.009"/>
  <testcase classname="com.api.PropertiesTC.PUT_13_updateAccount" name="TC01_verifyStatusCode" time="0.001"/>
  <testcase classname="com.api.PropertiesTC.PUT_13_updateAccount" name="TC02_verifyResponseCode" time="0.009"/>
  <testcase classname="com.api.PropertiesTC.PUT_13_updateAccount" name="TC03_verifyMessage" time="0.009"/>
  <testcase classname="com.api.PropertiesTC.GET_14_detailAccount" name="TC01_verifyStatusCode" time="0.0"/>
  <testcase classname="com.api.PropertiesTC.GET_14_detailAccount" name="TC02_verifyResponseCode" time="0.013"/>
  <testcase classname="com.api.PropertiesTC.GET_14_detailAccount" name="TC03_matchingNameField" time="0.01"/>
  <testcase classname="com.api.PropertiesTC.GET_14_detailAccount" name="TC04_matchingPassField" time="0.009"/>
  <testcase classname="com.api.PropertiesTC.GET_14_detailAccount" name="TC05_matchingEmailField" time="0.01"/>
  <testcase classname="com.api.PropertiesTC.GET_14_detailAccount" name="TC06_verifyMainInfo" time="0.037"/>
  <testcase classname="com.api.PropertiesTC.DEL_12_deleteUser" name="TC01_verifyStatusCode" time="0.001"/>
  <testcase classname="com.api.PropertiesTC.DEL_12_deleteUser" name="TC02_verifyResponseCode" time="0.01"/>
  <testcase classname="com.api.PropertiesTC.DEL_12_deleteUser" name="TC03_verifyMessage" time="0.007"/>
</testsuite> <!-- Test -->
